<?xml version="1.0" encoding="UTF-8"?>
<!-- Generated by org.testng.reporters.JUnitXMLReporter -->
<testsuite hostname="DESKTOP-MFA0791" ignored="0" name="DemoGuru99 App Test Cases" tests="6" failures="0" timestamp="2020-06-02T12:40:55 BST" time="65.159" errors="0">
  <testcase name="validateTitleTest" time="0.077" classname="testCases.LoginPageTest"/>
  <testcase name="validatePageTextTest" time="0.099" classname="testCases.LoginPageTest"/>
  <testcase name="validateLoginPageTest" time="2.291" classname="testCases.LoginPageTest"/>
  <testcase name="validateRegistrationPageTest" time="0.935" classname="testCases.RegistrationPageTest"/>
  <testcase name="validatePageTitleTest" time="0.655" classname="testCases.RegistrationPageTest"/>
  <testcase name="createRegistrationWithExcelData" time="7.874" classname="testCases.RegistrationPageTest"/>
</testsuite> <!-- DemoGuru99 App Test Cases -->
