<?xml version="1.0" encoding="UTF-8"?>
<!-- Generated by org.testng.reporters.JUnitXMLReporter -->
<testsuite hostname="DESKTOP-MFA0791" ignored="0" name="Default test" tests="3" failures="0" timestamp="2020-06-05T16:32:41 BST" time="39.53" errors="0">
  <testcase name="validateRegistrationPageTest" time="1.694" classname="testCases.RegistrationPageTest"/>
  <testcase name="validatePageTitleTest" time="0.926" classname="testCases.RegistrationPageTest"/>
  <testcase name="createRegistrationWithExcelData" time="8.779" classname="testCases.RegistrationPageTest"/>
</testsuite> <!-- Default test -->
