<?xml version="1.0" encoding="UTF-8"?>
<!-- Generated by org.testng.reporters.JUnitXMLReporter -->
<testsuite hostname="DESKTOP-MFA0791" ignored="0" name="Command line test" tests="6" failures="0" timestamp="2020-06-02T13:27:56 BST" time="77.293" errors="0">
  <testcase name="validateTitleTest" time="0.019" classname="testCases.LoginPageTest"/>
  <testcase name="validatePageTextTest" time="0.209" classname="testCases.LoginPageTest"/>
  <testcase name="validateLoginPageTest" time="3.347" classname="testCases.LoginPageTest"/>
  <testcase name="validateRegistrationPageTest" time="0.873" classname="testCases.RegistrationPageTest"/>
  <testcase name="validatePageTitleTest" time="1.863" classname="testCases.RegistrationPageTest"/>
  <testcase name="createRegistrationWithExcelData" time="9.596" classname="testCases.RegistrationPageTest"/>
</testsuite> <!-- Command line test -->
