<?xml version="1.0" encoding="UTF-8"?>
<testng-results skipped="0" failed="0" ignored="0" total="3" passed="3">
  <reporter-output>
  </reporter-output>
  <suite name="Default suite" duration-ms="39530" started-at="2020-06-05T16:32:01 BST" finished-at="2020-06-05T16:32:41 BST">
    <groups>
    </groups>
    <test name="Default test" duration-ms="39530" started-at="2020-06-05T16:32:01 BST" finished-at="2020-06-05T16:32:41 BST">
      <class name="testCases.RegistrationPageTest">
        <test-method status="PASS" signature="setUP()[pri:0, instance:testCases.RegistrationPageTest@64485a47]" name="setUP" is-config="true" duration-ms="9383" started-at="2020-06-05T16:32:01 BST" finished-at="2020-06-05T16:32:11 BST">
          <reporter-output>
          </reporter-output>
        </test-method> <!-- setUP -->
        <test-method status="PASS" signature="validateRegistrationPageTest()[pri:1, instance:testCases.RegistrationPageTest@64485a47]" name="validateRegistrationPageTest" duration-ms="1694" started-at="2020-06-05T16:32:11 BST" finished-at="2020-06-05T16:32:12 BST">
          <reporter-output>
          </reporter-output>
        </test-method> <!-- validateRegistrationPageTest -->
        <test-method status="PASS" signature="tearDown()[pri:0, instance:testCases.RegistrationPageTest@64485a47]" name="tearDown" is-config="true" duration-ms="818" started-at="2020-06-05T16:32:12 BST" finished-at="2020-06-05T16:32:13 BST">
          <reporter-output>
          </reporter-output>
        </test-method> <!-- tearDown -->
        <test-method status="PASS" signature="setUP()[pri:0, instance:testCases.RegistrationPageTest@64485a47]" name="setUP" is-config="true" duration-ms="8181" started-at="2020-06-05T16:32:13 BST" finished-at="2020-06-05T16:32:21 BST">
          <reporter-output>
          </reporter-output>
        </test-method> <!-- setUP -->
        <test-method status="PASS" signature="validatePageTitleTest()[pri:2, instance:testCases.RegistrationPageTest@64485a47]" name="validatePageTitleTest" duration-ms="926" started-at="2020-06-05T16:32:21 BST" finished-at="2020-06-05T16:32:22 BST">
          <reporter-output>
          </reporter-output>
        </test-method> <!-- validatePageTitleTest -->
        <test-method status="PASS" signature="tearDown()[pri:0, instance:testCases.RegistrationPageTest@64485a47]" name="tearDown" is-config="true" duration-ms="769" started-at="2020-06-05T16:32:22 BST" finished-at="2020-06-05T16:32:23 BST">
          <reporter-output>
          </reporter-output>
        </test-method> <!-- tearDown -->
        <test-method status="PASS" signature="setUP()[pri:0, instance:testCases.RegistrationPageTest@64485a47]" name="setUP" is-config="true" duration-ms="7245" started-at="2020-06-05T16:32:24 BST" finished-at="2020-06-05T16:32:31 BST">
          <reporter-output>
          </reporter-output>
        </test-method> <!-- setUP -->
        <test-method status="PASS" signature="createRegistrationWithExcelData(java.lang.String, java.lang.String, java.lang.String, java.lang.String, java.lang.String, java.lang.String, java.lang.String, java.lang.String, java.lang.String, java.lang.String, java.lang.String, java.lang.String, java.lang.String, java.lang.String)[pri:3, instance:testCases.RegistrationPageTest@64485a47]" name="createRegistrationWithExcelData" duration-ms="8779" started-at="2020-06-05T16:32:31 BST" data-provider="createRegistration" finished-at="2020-06-05T16:32:40 BST">
          <params>
            <param index="0">
              <value>
                <![CDATA[Tom]]>
              </value>
            </param>
            <param index="1">
              <value>
                <![CDATA[Peter]]>
              </value>
            </param>
            <param index="2">
              <value>
                <![CDATA[123456789]]>
              </value>
            </param>
            <param index="3">
              <value>
                <![CDATA[1980]]>
              </value>
            </param>
            <param index="4">
              <value>
                <![CDATA[January]]>
              </value>
            </param>
            <param index="5">
              <value>
                <![CDATA[1]]>
              </value>
            </param>
            <param index="6">
              <value>
                <![CDATA[Engineer]]>
              </value>
            </param>
            <param index="7">
              <value>
                <![CDATA[London Road]]>
              </value>
            </param>
            <param index="8">
              <value>
                <![CDATA[London]]>
              </value>
            </param>
            <param index="9">
              <value>
                <![CDATA[UK]]>
              </value>
            </param>
            <param index="10">
              <value>
                <![CDATA[TH19 6TH]]>
              </value>
            </param>
            <param index="11">
              <value>
                <![CDATA[ssbharswadkar87@gmail.com]]>
              </value>
            </param>
            <param index="12">
              <value>
                <![CDATA[Abc@123]]>
              </value>
            </param>
            <param index="13">
              <value>
                <![CDATA[Abc@123]]>
              </value>
            </param>
          </params>
          <reporter-output>
          </reporter-output>
        </test-method> <!-- createRegistrationWithExcelData -->
        <test-method status="PASS" signature="tearDown()[pri:0, instance:testCases.RegistrationPageTest@64485a47]" name="tearDown" is-config="true" duration-ms="803" started-at="2020-06-05T16:32:40 BST" finished-at="2020-06-05T16:32:41 BST">
          <reporter-output>
          </reporter-output>
        </test-method> <!-- tearDown -->
      </class> <!-- testCases.RegistrationPageTest -->
    </test> <!-- Default test -->
  </suite> <!-- Default suite -->
</testng-results>
